<?xml version="1.0" encoding="UTF-8"?>
<!-- Generated by org.testng.reporters.JUnitReportReporter -->
<testsuite hostname="BIKSHAMRAJNAMMA" failures="0" tests="3" name="TestRunner.RunnerTest" time="4.520" errors="0" timestamp="13 Jan 2024 14:57:59 GMT" skipped="0">
  <testcase classname="TestRunner.RunnerTest" name="runScenario" time="0.079"/>
  <testcase classname="TestRunner.RunnerTest" name="runScenario" time="0.387"/>
  <testcase classname="TestRunner.RunnerTest" name="runScenario" time="4.054"/>
</testsuite> <!-- TestRunner.RunnerTest -->
