<?xml version="1.0" encoding="UTF-8"?>
<!-- Generated by org.testng.reporters.JUnitReportReporter -->
<testsuite hostname="Praful" failures="0" tests="1" name="TestRunner.RunnerTest" time="4.242" errors="0" timestamp="13 Jan 2024 14:16:15 GMT" skipped="0">
  <testcase classname="TestRunner.RunnerTest" name="runScenario" time="4.242"/>
</testsuite> <!-- TestRunner.RunnerTest -->
